<?xml version="1.0" encoding="UTF-8"?>
<testsuite name="Hello_World_java1.AppTest" tests="1" skipped="0" failures="0" errors="0" timestamp="2022-03-08T12:38:33" hostname="DESKTOP-DSR5EKQ" time="0.021">
  <properties/>
  <testcase name="appHasAGreeting()" classname="Hello_World_java1.AppTest" time="0.021"/>
  <system-out><![CDATA[]]></system-out>
  <system-err><![CDATA[]]></system-err>
</testsuite>
